Script started
Link type error
Script started
Soft link OK: soft_link.txt -> file.txt
Script started
Soft link error soft_link.txt -> file.txt
OS info sent via wall
Script started
Soft link error soft_link.txt -> file.txt
OS info sent via wall
Script started
Soft link error soft_link.txt -> file.txt
OS info sent via wall
Script started
Soft link error soft_link.txt -> file.txt
Script softlink created at /bin/linux_cli.sh
OS info sent via wall
Script started
File 'file.txt' does not exits. Link is not created
script softling not created. Permission denied
OS info sent via wall
Script started
File 'file.txt' does not exits. Link is not created
Script softlink not created. Permission denied
OS info sent via wall
